<component name="ArtifactManager">
  <artifact type="war" name="junit:war">
    <output-path>$PROJECT_DIR$/junit/target</output-path>
    <root id="archive" name="junit.war">
      <element id="artifact" artifact-name="junit:war exploded" />
    </root>
  </artifact>
</component>